2017-04-27 13:58:11,897:root/add_page()@88:ERROR:Can't mount the page Api, config {'/downloads': {'tools.staticdir.dir': 'data/pdfs', 'tools.staticdir.on': True}, '/': {'tools.sessions.secure': False, 'tools.sessions.storage_class': <class 'cherrypy.lib.sessions.FileSession'>, 'tools.response_headers.headers': [('Access-Control-Allow-Origin', '*'), ('Access-Control-Allow-Headers', 'Authorization'), ('Content-Type', 'text/json, text/html'), ('Access-Control-Allow-Methods', 'GET, PUT, POST, DELETE, PATCH')], 'tools.sessions.timeout': 30, 'tools.sessions.on': True, 'tools.response_headers.on': True, 'tools.sessions.name': 'API-SURVI-Prevention', 'tools.sessions.storage_path': 'data/sessions', 'log.screen': False, 'log.access_file': '/home/michael.jolin/Programming/survip-api/api-rest/data/logs/cherrypy_access.log', 'tools.sessions.httponly': True, 'log.error_file': '/home/michael.jolin/Programming/survip-api/api-rest/data/logs/cherrypy_error.log', 'tools.staticdir.root': '/home/michael.jolin/Programming/survip-api/api-rest'}, '/causeJs': {'tools.staticdir.dir': 'StaticWebContent', 'tools.staticdir.on': True, 'tools.staticdir.root': '/home/michael.jolin/Programming'}}
Traceback (most recent call last):
  File "/home/michael.jolin/Programming/survip-api/api-rest/causeweb/site/config.py", line 82, in add_page
    page_loaded = importlib.import_module(page_name, 'app.pages')
  File "/usr/lib/python3.5/importlib/__init__.py", line 126, in import_module
    return _bootstrap._gcd_import(name[level:], package, level)
  File "<frozen importlib._bootstrap>", line 986, in _gcd_import
  File "<frozen importlib._bootstrap>", line 969, in _find_and_load
  File "<frozen importlib._bootstrap>", line 958, in _find_and_load_unlocked
  File "<frozen importlib._bootstrap>", line 673, in _load_unlocked
  File "<frozen importlib._bootstrap_external>", line 665, in exec_module
  File "<frozen importlib._bootstrap>", line 222, in _call_with_frames_removed
  File "/home/michael.jolin/Programming/survip-api/api-rest/app/pages/api.py", line 4, in <module>
    from causeweb.site.apis import Apis
  File "/home/michael.jolin/Programming/survip-api/api-rest/causeweb/site/apis.py", line 6, in <module>
    from causeweb.site.token import Token
  File "/home/michael.jolin/Programming/survip-api/api-rest/causeweb/site/token.py", line 7, in <module>
    from ..storage.db import DB
ImportError: No module named 'causeweb.storage'
2017-04-27 13:58:11,899:cherrypy.error/error()@219:INFO:[27/Apr/2017:13:58:11] ENGINE Bus STARTING
2017-04-27 13:58:11,899:cherrypy.error/error()@219:INFO:[27/Apr/2017:13:58:11] ENGINE Started monitor thread '_TimeoutMonitor'.
2017-04-27 13:58:11,900:cherrypy.error/error()@219:INFO:[27/Apr/2017:13:58:11] ENGINE Started monitor thread 'Autoreloader'.
2017-04-27 13:58:12,912:cherrypy.error/error()@219:ERROR:[27/Apr/2017:13:58:12] ENGINE Error in 'start' listener <bound method Server.start of <cherrypy._cpserver.Server object at 0x7f92ae302ac8>>
Traceback (most recent call last):
  File "/usr/local/lib/python3.5/dist-packages/cherrypy/process/wspbus.py", line 215, in publish
    output.append(listener(*args, **kwargs))
  File "/usr/local/lib/python3.5/dist-packages/cherrypy/_cpserver.py", line 168, in start
    super(Server, self).start()
  File "/usr/local/lib/python3.5/dist-packages/cherrypy/process/servers.py", line 177, in start
    portend.free(*self.bind_addr, timeout=Timeouts.free)
  File "/usr/local/lib/python3.5/dist-packages/portend.py", line 143, in free
    raise Timeout("Port {port} not free on {host}.".format(**locals()))
portend.Timeout: Port 80 not free on 127.0.0.1.

2017-04-27 13:58:12,913:cherrypy.error/error()@219:ERROR:[27/Apr/2017:13:58:12] ENGINE Shutting down due to error in start listener:
Traceback (most recent call last):
  File "/usr/local/lib/python3.5/dist-packages/cherrypy/process/wspbus.py", line 253, in start
    self.publish('start')
  File "/usr/local/lib/python3.5/dist-packages/cherrypy/process/wspbus.py", line 233, in publish
    raise exc
cherrypy.process.wspbus.ChannelFailures: Timeout('Port 80 not free on 127.0.0.1.',)

2017-04-27 13:58:12,913:cherrypy.error/error()@219:INFO:[27/Apr/2017:13:58:12] ENGINE Bus STOPPING
2017-04-27 13:58:12,913:cherrypy.error/error()@219:INFO:[27/Apr/2017:13:58:12] ENGINE HTTP Server cherrypy._cpwsgi_server.CPWSGIServer(('127.0.0.1', 80)) already shut down
2017-04-27 13:58:12,914:cherrypy.error/error()@219:INFO:[27/Apr/2017:13:58:12] ENGINE Stopped thread '_TimeoutMonitor'.
2017-04-27 13:58:12,914:cherrypy.error/error()@219:INFO:[27/Apr/2017:13:58:12] ENGINE Stopped thread 'Autoreloader'.
2017-04-27 13:58:12,914:cherrypy.error/error()@219:INFO:[27/Apr/2017:13:58:12] ENGINE Bus STOPPED
2017-04-27 13:58:12,914:cherrypy.error/error()@219:INFO:[27/Apr/2017:13:58:12] ENGINE Bus EXITING
2017-04-27 13:58:12,914:cherrypy.error/error()@219:INFO:[27/Apr/2017:13:58:12] ENGINE Bus EXITED
2017-04-27 13:58:27,481:root/add_page()@88:ERROR:Can't mount the page Api, config {'/': {'tools.sessions.httponly': True, 'tools.staticdir.root': '/home/michael.jolin/Programming/survip-api/api-rest', 'tools.response_headers.headers': [('Access-Control-Allow-Origin', '*'), ('Access-Control-Allow-Headers', 'Authorization'), ('Content-Type', 'text/json, text/html'), ('Access-Control-Allow-Methods', 'GET, PUT, POST, DELETE, PATCH')], 'tools.response_headers.on': True, 'tools.sessions.on': True, 'log.screen': False, 'tools.sessions.timeout': 30, 'tools.sessions.storage_path': 'data/sessions', 'tools.sessions.storage_class': <class 'cherrypy.lib.sessions.FileSession'>, 'tools.sessions.secure': False, 'log.error_file': '/home/michael.jolin/Programming/survip-api/api-rest/data/logs/cherrypy_error.log', 'tools.sessions.name': 'API-SURVI-Prevention', 'log.access_file': '/home/michael.jolin/Programming/survip-api/api-rest/data/logs/cherrypy_access.log'}, '/causeJs': {'tools.staticdir.on': True, 'tools.staticdir.dir': 'StaticWebContent', 'tools.staticdir.root': '/home/michael.jolin/Programming'}, '/downloads': {'tools.staticdir.on': True, 'tools.staticdir.dir': 'data/pdfs'}}
Traceback (most recent call last):
  File "/home/michael.jolin/Programming/survip-api/api-rest/causeweb/site/config.py", line 82, in add_page
    page_loaded = importlib.import_module(page_name, 'app.pages')
  File "/usr/lib/python3.5/importlib/__init__.py", line 126, in import_module
    return _bootstrap._gcd_import(name[level:], package, level)
  File "<frozen importlib._bootstrap>", line 986, in _gcd_import
  File "<frozen importlib._bootstrap>", line 969, in _find_and_load
  File "<frozen importlib._bootstrap>", line 958, in _find_and_load_unlocked
  File "<frozen importlib._bootstrap>", line 673, in _load_unlocked
  File "<frozen importlib._bootstrap_external>", line 665, in exec_module
  File "<frozen importlib._bootstrap>", line 222, in _call_with_frames_removed
  File "/home/michael.jolin/Programming/survip-api/api-rest/app/pages/api.py", line 4, in <module>
    from causeweb.site.apis import Apis
  File "/home/michael.jolin/Programming/survip-api/api-rest/causeweb/site/apis.py", line 6, in <module>
    from causeweb.site.token import Token
  File "/home/michael.jolin/Programming/survip-api/api-rest/causeweb/site/token.py", line 7, in <module>
    from ..storage.db import DB
ImportError: No module named 'causeweb.storage'
2017-04-27 13:58:27,482:cherrypy.error/error()@219:INFO:[27/Apr/2017:13:58:27] ENGINE Bus STARTING
2017-04-27 13:58:27,482:cherrypy.error/error()@219:INFO:[27/Apr/2017:13:58:27] ENGINE Started monitor thread 'Autoreloader'.
2017-04-27 13:58:27,483:cherrypy.error/error()@219:INFO:[27/Apr/2017:13:58:27] ENGINE Started monitor thread '_TimeoutMonitor'.
2017-04-27 13:58:28,492:cherrypy.error/error()@219:ERROR:[27/Apr/2017:13:58:28] ENGINE Error in 'start' listener <bound method Server.start of <cherrypy._cpserver.Server object at 0x7f033c516550>>
Traceback (most recent call last):
  File "/usr/local/lib/python3.5/dist-packages/cherrypy/process/wspbus.py", line 215, in publish
    output.append(listener(*args, **kwargs))
  File "/usr/local/lib/python3.5/dist-packages/cherrypy/_cpserver.py", line 168, in start
    super(Server, self).start()
  File "/usr/local/lib/python3.5/dist-packages/cherrypy/process/servers.py", line 177, in start
    portend.free(*self.bind_addr, timeout=Timeouts.free)
  File "/usr/local/lib/python3.5/dist-packages/portend.py", line 143, in free
    raise Timeout("Port {port} not free on {host}.".format(**locals()))
portend.Timeout: Port 80 not free on 127.0.0.1.

2017-04-27 13:58:28,492:cherrypy.error/error()@219:ERROR:[27/Apr/2017:13:58:28] ENGINE Shutting down due to error in start listener:
Traceback (most recent call last):
  File "/usr/local/lib/python3.5/dist-packages/cherrypy/process/wspbus.py", line 253, in start
    self.publish('start')
  File "/usr/local/lib/python3.5/dist-packages/cherrypy/process/wspbus.py", line 233, in publish
    raise exc
cherrypy.process.wspbus.ChannelFailures: Timeout('Port 80 not free on 127.0.0.1.',)

2017-04-27 13:58:28,493:cherrypy.error/error()@219:INFO:[27/Apr/2017:13:58:28] ENGINE Bus STOPPING
2017-04-27 13:58:28,493:cherrypy.error/error()@219:INFO:[27/Apr/2017:13:58:28] ENGINE HTTP Server cherrypy._cpwsgi_server.CPWSGIServer(('127.0.0.1', 80)) already shut down
2017-04-27 13:58:28,493:cherrypy.error/error()@219:INFO:[27/Apr/2017:13:58:28] ENGINE Stopped thread 'Autoreloader'.
2017-04-27 13:58:28,493:cherrypy.error/error()@219:INFO:[27/Apr/2017:13:58:28] ENGINE Stopped thread '_TimeoutMonitor'.
2017-04-27 13:58:28,493:cherrypy.error/error()@219:INFO:[27/Apr/2017:13:58:28] ENGINE Bus STOPPED
2017-04-27 13:58:28,493:cherrypy.error/error()@219:INFO:[27/Apr/2017:13:58:28] ENGINE Bus EXITING
2017-04-27 13:58:28,494:cherrypy.error/error()@219:INFO:[27/Apr/2017:13:58:28] ENGINE Bus EXITED
2017-04-27 13:59:25,826:root/add_page()@88:ERROR:Can't mount the page Api, config {'/causeJs': {'tools.staticdir.on': True, 'tools.staticdir.dir': 'StaticWebContent', 'tools.staticdir.root': '/home/michael.jolin/Programming'}, '/downloads': {'tools.staticdir.on': True, 'tools.staticdir.dir': 'data/pdfs'}, '/': {'tools.sessions.timeout': 30, 'tools.staticdir.root': '/home/michael.jolin/Programming/survip-api/api-rest', 'tools.response_headers.on': True, 'tools.sessions.on': True, 'log.error_file': '/home/michael.jolin/Programming/survip-api/api-rest/data/logs/cherrypy_error.log', 'log.access_file': '/home/michael.jolin/Programming/survip-api/api-rest/data/logs/cherrypy_access.log', 'tools.response_headers.headers': [('Access-Control-Allow-Origin', '*'), ('Access-Control-Allow-Headers', 'Authorization'), ('Content-Type', 'text/json, text/html'), ('Access-Control-Allow-Methods', 'GET, PUT, POST, DELETE, PATCH')], 'tools.sessions.storage_class': <class 'cherrypy.lib.sessions.FileSession'>, 'tools.sessions.storage_path': 'data/sessions', 'tools.sessions.name': 'API-SURVI-Prevention', 'log.screen': False, 'tools.sessions.secure': False, 'tools.sessions.httponly': True}}
Traceback (most recent call last):
  File "/home/michael.jolin/Programming/survip-api/api-rest/causeweb/site/config.py", line 82, in add_page
    page_loaded = importlib.import_module(page_name, 'app.pages')
  File "/usr/lib/python3.5/importlib/__init__.py", line 126, in import_module
    return _bootstrap._gcd_import(name[level:], package, level)
  File "<frozen importlib._bootstrap>", line 986, in _gcd_import
  File "<frozen importlib._bootstrap>", line 969, in _find_and_load
  File "<frozen importlib._bootstrap>", line 958, in _find_and_load_unlocked
  File "<frozen importlib._bootstrap>", line 673, in _load_unlocked
  File "<frozen importlib._bootstrap_external>", line 665, in exec_module
  File "<frozen importlib._bootstrap>", line 222, in _call_with_frames_removed
  File "/home/michael.jolin/Programming/survip-api/api-rest/app/pages/api.py", line 4, in <module>
    from causeweb.site.apis import Apis
  File "/home/michael.jolin/Programming/survip-api/api-rest/causeweb/site/apis.py", line 6, in <module>
    from causeweb.site.token import Token
  File "/home/michael.jolin/Programming/survip-api/api-rest/causeweb/site/token.py", line 7, in <module>
    from ..storage.db import DB
ImportError: No module named 'causeweb.storage'
2017-04-27 13:59:25,827:cherrypy.error/error()@219:INFO:[27/Apr/2017:13:59:25] ENGINE Bus STARTING
2017-04-27 13:59:25,828:cherrypy.error/error()@219:INFO:[27/Apr/2017:13:59:25] ENGINE Started monitor thread '_TimeoutMonitor'.
2017-04-27 13:59:25,828:cherrypy.error/error()@219:INFO:[27/Apr/2017:13:59:25] ENGINE Started monitor thread 'Autoreloader'.
2017-04-27 13:59:25,933:cherrypy.error/error()@219:INFO:[27/Apr/2017:13:59:25] ENGINE Serving on http://127.0.0.1
2017-04-27 13:59:25,933:cherrypy.error/error()@219:INFO:[27/Apr/2017:13:59:25] ENGINE Bus STARTED
2017-04-27 13:59:43,525:cherrypy.error/error()@219:INFO:[27/Apr/2017:13:59:43] ENGINE Bus STOPPING
2017-04-27 13:59:43,526:cherrypy.error/error()@219:INFO:[27/Apr/2017:13:59:43] ENGINE HTTP Server cherrypy._cpwsgi_server.CPWSGIServer(('127.0.0.1', 80)) shut down
2017-04-27 13:59:43,527:cherrypy.error/error()@219:INFO:[27/Apr/2017:13:59:43] ENGINE Stopped thread '_TimeoutMonitor'.
2017-04-27 13:59:43,527:cherrypy.error/error()@219:INFO:[27/Apr/2017:13:59:43] ENGINE Stopped thread 'Autoreloader'.
2017-04-27 13:59:43,527:cherrypy.error/error()@219:INFO:[27/Apr/2017:13:59:43] ENGINE Bus STOPPED
2017-04-27 13:59:43,527:cherrypy.error/error()@219:INFO:[27/Apr/2017:13:59:43] ENGINE Bus EXITING
2017-04-27 13:59:43,527:cherrypy.error/error()@219:INFO:[27/Apr/2017:13:59:43] ENGINE Bus EXITED
2017-04-27 13:59:44,636:root/add_page()@88:ERROR:Can't mount the page Api, config {'/downloads': {'tools.staticdir.on': True, 'tools.staticdir.dir': 'data/pdfs'}, '/': {'tools.sessions.timeout': 30, 'log.error_file': '/home/michael.jolin/Programming/survip-api/api-rest/data/logs/cherrypy_error.log', 'tools.sessions.name': 'API-SURVI-Prevention', 'log.screen': False, 'tools.sessions.httponly': True, 'tools.sessions.secure': False, 'log.access_file': '/home/michael.jolin/Programming/survip-api/api-rest/data/logs/cherrypy_access.log', 'tools.staticdir.root': '/home/michael.jolin/Programming/survip-api/api-rest', 'tools.response_headers.headers': [('Access-Control-Allow-Origin', '*'), ('Access-Control-Allow-Headers', 'Authorization'), ('Content-Type', 'text/json, text/html'), ('Access-Control-Allow-Methods', 'GET, PUT, POST, DELETE, PATCH')], 'tools.sessions.storage_path': 'data/sessions', 'tools.sessions.on': True, 'tools.response_headers.on': True, 'tools.sessions.storage_class': <class 'cherrypy.lib.sessions.FileSession'>}, '/causeJs': {'tools.staticdir.on': True, 'tools.staticdir.root': '/home/michael.jolin/Programming', 'tools.staticdir.dir': 'StaticWebContent'}}
Traceback (most recent call last):
  File "/home/michael.jolin/Programming/survip-api/api-rest/causeweb/site/config.py", line 82, in add_page
    page_loaded = importlib.import_module(page_name, 'app.pages')
  File "/usr/lib/python3.5/importlib/__init__.py", line 126, in import_module
    return _bootstrap._gcd_import(name[level:], package, level)
  File "<frozen importlib._bootstrap>", line 986, in _gcd_import
  File "<frozen importlib._bootstrap>", line 969, in _find_and_load
  File "<frozen importlib._bootstrap>", line 958, in _find_and_load_unlocked
  File "<frozen importlib._bootstrap>", line 673, in _load_unlocked
  File "<frozen importlib._bootstrap_external>", line 665, in exec_module
  File "<frozen importlib._bootstrap>", line 222, in _call_with_frames_removed
  File "/home/michael.jolin/Programming/survip-api/api-rest/app/pages/api.py", line 4, in <module>
    from causeweb.site.apis import Apis
  File "/home/michael.jolin/Programming/survip-api/api-rest/causeweb/site/apis.py", line 6, in <module>
    from causeweb.site.token import Token
  File "/home/michael.jolin/Programming/survip-api/api-rest/causeweb/site/token.py", line 8, in <module>
    from ..session.withdb import WithDB
ImportError: No module named 'causeweb.session'
2017-04-27 13:59:44,637:cherrypy.error/error()@219:INFO:[27/Apr/2017:13:59:44] ENGINE Bus STARTING
2017-04-27 13:59:44,638:cherrypy.error/error()@219:INFO:[27/Apr/2017:13:59:44] ENGINE Started monitor thread 'Autoreloader'.
2017-04-27 13:59:44,638:cherrypy.error/error()@219:INFO:[27/Apr/2017:13:59:44] ENGINE Started monitor thread '_TimeoutMonitor'.
2017-04-27 13:59:44,742:cherrypy.error/error()@219:INFO:[27/Apr/2017:13:59:44] ENGINE Serving on http://127.0.0.1
2017-04-27 13:59:44,742:cherrypy.error/error()@219:INFO:[27/Apr/2017:13:59:44] ENGINE Bus STARTED
2017-04-27 13:59:58,001:cherrypy.error/error()@219:INFO:[27/Apr/2017:13:59:58] ENGINE Bus STOPPING
2017-04-27 13:59:58,002:cherrypy.error/error()@219:INFO:[27/Apr/2017:13:59:58] ENGINE HTTP Server cherrypy._cpwsgi_server.CPWSGIServer(('127.0.0.1', 80)) shut down
2017-04-27 13:59:58,002:cherrypy.error/error()@219:INFO:[27/Apr/2017:13:59:58] ENGINE Stopped thread 'Autoreloader'.
2017-04-27 13:59:58,002:cherrypy.error/error()@219:INFO:[27/Apr/2017:13:59:58] ENGINE Stopped thread '_TimeoutMonitor'.
2017-04-27 13:59:58,002:cherrypy.error/error()@219:INFO:[27/Apr/2017:13:59:58] ENGINE Bus STOPPED
2017-04-27 13:59:58,003:cherrypy.error/error()@219:INFO:[27/Apr/2017:13:59:58] ENGINE Bus EXITING
2017-04-27 13:59:58,003:cherrypy.error/error()@219:INFO:[27/Apr/2017:13:59:58] ENGINE Bus EXITED
2017-04-27 13:59:59,068:root/add_page()@88:ERROR:Can't mount the page Api, config {'/': {'tools.response_headers.on': True, 'tools.sessions.storage_path': 'data/sessions', 'tools.sessions.on': True, 'tools.sessions.secure': False, 'tools.sessions.storage_class': <class 'cherrypy.lib.sessions.FileSession'>, 'tools.response_headers.headers': [('Access-Control-Allow-Origin', '*'), ('Access-Control-Allow-Headers', 'Authorization'), ('Content-Type', 'text/json, text/html'), ('Access-Control-Allow-Methods', 'GET, PUT, POST, DELETE, PATCH')], 'log.error_file': '/home/michael.jolin/Programming/survip-api/api-rest/data/logs/cherrypy_error.log', 'tools.staticdir.root': '/home/michael.jolin/Programming/survip-api/api-rest', 'tools.sessions.httponly': True, 'tools.sessions.timeout': 30, 'tools.sessions.name': 'API-SURVI-Prevention', 'log.access_file': '/home/michael.jolin/Programming/survip-api/api-rest/data/logs/cherrypy_access.log', 'log.screen': False}, '/downloads': {'tools.staticdir.dir': 'data/pdfs', 'tools.staticdir.on': True}, '/causeJs': {'tools.staticdir.dir': 'StaticWebContent', 'tools.staticdir.root': '/home/michael.jolin/Programming', 'tools.staticdir.on': True}}
Traceback (most recent call last):
  File "/home/michael.jolin/Programming/survip-api/api-rest/causeweb/site/config.py", line 82, in add_page
    page_loaded = importlib.import_module(page_name, 'app.pages')
  File "/usr/lib/python3.5/importlib/__init__.py", line 126, in import_module
    return _bootstrap._gcd_import(name[level:], package, level)
  File "<frozen importlib._bootstrap>", line 986, in _gcd_import
  File "<frozen importlib._bootstrap>", line 969, in _find_and_load
  File "<frozen importlib._bootstrap>", line 958, in _find_and_load_unlocked
  File "<frozen importlib._bootstrap>", line 673, in _load_unlocked
  File "<frozen importlib._bootstrap_external>", line 665, in exec_module
  File "<frozen importlib._bootstrap>", line 222, in _call_with_frames_removed
  File "/home/michael.jolin/Programming/survip-api/api-rest/app/pages/api.py", line 4, in <module>
    from causeweb.site.apis import Apis
  File "/home/michael.jolin/Programming/survip-api/api-rest/causeweb/site/apis.py", line 6, in <module>
    from causeweb.site.token import Token
  File "/home/michael.jolin/Programming/survip-api/api-rest/causeweb/site/token.py", line 8, in <module>
    from ..session.withdb import WithDB
  File "/home/michael.jolin/Programming/survip-api/api-rest/causeweb/session/withdb.py", line 4, in <module>
    from ..apis.webuser import Webuser
  File "/home/michael.jolin/Programming/survip-api/api-rest/causeweb/apis/webuser.py", line 5, in <module>
    from causeweb.session.static import Static as Session
  File "/home/michael.jolin/Programming/survip-api/api-rest/causeweb/session/static.py", line 4, in <module>
    from ..html.request import Request
ImportError: No module named 'causeweb.html'
2017-04-27 13:59:59,069:cherrypy.error/error()@219:INFO:[27/Apr/2017:13:59:59] ENGINE Bus STARTING
2017-04-27 13:59:59,070:cherrypy.error/error()@219:INFO:[27/Apr/2017:13:59:59] ENGINE Started monitor thread 'Autoreloader'.
2017-04-27 13:59:59,070:cherrypy.error/error()@219:INFO:[27/Apr/2017:13:59:59] ENGINE Started monitor thread '_TimeoutMonitor'.
2017-04-27 13:59:59,175:cherrypy.error/error()@219:INFO:[27/Apr/2017:13:59:59] ENGINE Serving on http://127.0.0.1
2017-04-27 13:59:59,175:cherrypy.error/error()@219:INFO:[27/Apr/2017:13:59:59] ENGINE Bus STARTED
2017-04-27 14:00:53,749:cherrypy.error/error()@219:INFO:[27/Apr/2017:14:00:53] ENGINE Bus STOPPING
2017-04-27 14:00:53,751:cherrypy.error/error()@219:INFO:[27/Apr/2017:14:00:53] ENGINE HTTP Server cherrypy._cpwsgi_server.CPWSGIServer(('127.0.0.1', 80)) shut down
2017-04-27 14:00:53,751:cherrypy.error/error()@219:INFO:[27/Apr/2017:14:00:53] ENGINE Stopped thread 'Autoreloader'.
2017-04-27 14:00:53,751:cherrypy.error/error()@219:INFO:[27/Apr/2017:14:00:53] ENGINE Stopped thread '_TimeoutMonitor'.
2017-04-27 14:00:53,751:cherrypy.error/error()@219:INFO:[27/Apr/2017:14:00:53] ENGINE Bus STOPPED
2017-04-27 14:00:53,751:cherrypy.error/error()@219:INFO:[27/Apr/2017:14:00:53] ENGINE Bus EXITING
2017-04-27 14:00:53,752:cherrypy.error/error()@219:INFO:[27/Apr/2017:14:00:53] ENGINE Bus EXITED
2017-04-27 14:00:54,776:root/add_page()@88:ERROR:Can't mount the page Api, config {'/causeJs': {'tools.staticdir.root': '/home/michael.jolin/Programming', 'tools.staticdir.dir': 'StaticWebContent', 'tools.staticdir.on': True}, '/': {'tools.sessions.storage_path': 'data/sessions', 'tools.sessions.timeout': 30, 'log.error_file': '/home/michael.jolin/Programming/survip-api/api-rest/data/logs/cherrypy_error.log', 'tools.sessions.secure': False, 'tools.sessions.on': True, 'tools.response_headers.on': True, 'tools.sessions.storage_class': <class 'cherrypy.lib.sessions.FileSession'>, 'tools.staticdir.root': '/home/michael.jolin/Programming/survip-api/api-rest', 'log.access_file': '/home/michael.jolin/Programming/survip-api/api-rest/data/logs/cherrypy_access.log', 'tools.response_headers.headers': [('Access-Control-Allow-Origin', '*'), ('Access-Control-Allow-Headers', 'Authorization'), ('Content-Type', 'text/json, text/html'), ('Access-Control-Allow-Methods', 'GET, PUT, POST, DELETE, PATCH')], 'log.screen': False, 'tools.sessions.httponly': True, 'tools.sessions.name': 'API-SURVI-Prevention'}, '/downloads': {'tools.staticdir.dir': 'data/pdfs', 'tools.staticdir.on': True}}
Traceback (most recent call last):
  File "/home/michael.jolin/Programming/survip-api/api-rest/causeweb/site/config.py", line 82, in add_page
    page_loaded = importlib.import_module(page_name, 'app.pages')
  File "/usr/lib/python3.5/importlib/__init__.py", line 126, in import_module
    return _bootstrap._gcd_import(name[level:], package, level)
  File "<frozen importlib._bootstrap>", line 986, in _gcd_import
  File "<frozen importlib._bootstrap>", line 969, in _find_and_load
  File "<frozen importlib._bootstrap>", line 958, in _find_and_load_unlocked
  File "<frozen importlib._bootstrap>", line 673, in _load_unlocked
  File "<frozen importlib._bootstrap_external>", line 665, in exec_module
  File "<frozen importlib._bootstrap>", line 222, in _call_with_frames_removed
  File "/home/michael.jolin/Programming/survip-api/api-rest/app/pages/api.py", line 4, in <module>
    from causeweb.site.apis import Apis
  File "/home/michael.jolin/Programming/survip-api/api-rest/causeweb/site/apis.py", line 6, in <module>
    from causeweb.site.token import Token
  File "/home/michael.jolin/Programming/survip-api/api-rest/causeweb/site/token.py", line 8, in <module>
    from ..session.withdb import WithDB
  File "/home/michael.jolin/Programming/survip-api/api-rest/causeweb/session/withdb.py", line 4, in <module>
    from ..apis.webuser import Webuser
  File "/home/michael.jolin/Programming/survip-api/api-rest/causeweb/apis/webuser.py", line 7, in <module>
    from causeweb.utilities import Utilities
ImportError: No module named 'causeweb.utilities'
2017-04-27 14:00:54,777:cherrypy.error/error()@219:INFO:[27/Apr/2017:14:00:54] ENGINE Bus STARTING
2017-04-27 14:00:54,777:cherrypy.error/error()@219:INFO:[27/Apr/2017:14:00:54] ENGINE Started monitor thread 'Autoreloader'.
2017-04-27 14:00:54,778:cherrypy.error/error()@219:INFO:[27/Apr/2017:14:00:54] ENGINE Started monitor thread '_TimeoutMonitor'.
2017-04-27 14:00:54,881:cherrypy.error/error()@219:INFO:[27/Apr/2017:14:00:54] ENGINE Serving on http://127.0.0.1
2017-04-27 14:00:54,881:cherrypy.error/error()@219:INFO:[27/Apr/2017:14:00:54] ENGINE Bus STARTED
2017-04-27 14:01:08,545:cherrypy.error/error()@219:INFO:[27/Apr/2017:14:01:08] ENGINE Bus STOPPING
2017-04-27 14:01:08,546:cherrypy.error/error()@219:INFO:[27/Apr/2017:14:01:08] ENGINE HTTP Server cherrypy._cpwsgi_server.CPWSGIServer(('127.0.0.1', 80)) shut down
2017-04-27 14:01:08,546:cherrypy.error/error()@219:INFO:[27/Apr/2017:14:01:08] ENGINE Stopped thread '_TimeoutMonitor'.
2017-04-27 14:01:08,547:cherrypy.error/error()@219:INFO:[27/Apr/2017:14:01:08] ENGINE Stopped thread 'Autoreloader'.
2017-04-27 14:01:08,547:cherrypy.error/error()@219:INFO:[27/Apr/2017:14:01:08] ENGINE Bus STOPPED
2017-04-27 14:01:08,547:cherrypy.error/error()@219:INFO:[27/Apr/2017:14:01:08] ENGINE Bus EXITING
2017-04-27 14:01:08,547:cherrypy.error/error()@219:INFO:[27/Apr/2017:14:01:08] ENGINE Bus EXITED
2017-04-27 14:01:09,521:cherrypy.error/error()@219:INFO:[27/Apr/2017:14:01:09] ENGINE Bus STARTING
2017-04-27 14:01:09,523:cherrypy.error/error()@219:INFO:[27/Apr/2017:14:01:09] ENGINE Started monitor thread 'Autoreloader'.
2017-04-27 14:01:09,523:cherrypy.error/error()@219:INFO:[27/Apr/2017:14:01:09] ENGINE Started monitor thread '_TimeoutMonitor'.
2017-04-27 14:01:09,626:cherrypy.error/error()@219:INFO:[27/Apr/2017:14:01:09] ENGINE Serving on http://127.0.0.1
2017-04-27 14:01:09,627:cherrypy.error/error()@219:INFO:[27/Apr/2017:14:01:09] ENGINE Bus STARTED
